31 Dec 2014 14:53:31 [,,] [ INFO] webxml.WebxmlGrailsPlugin      Loading default config file: class DefaultWebXmlConfig
31 Dec 2014 14:53:31 [,,] [ WARN] webxml.WebxmlGrailsPlugin      Did not find application config file: WebXmlConfig
31 Dec 2014 14:53:32 [,,] [ INFO] webxml.WebxmlGrailsPlugin      Loading default config file: class DefaultWebXmlConfig
31 Dec 2014 14:53:32 [,,] [ WARN] webxml.WebxmlGrailsPlugin      Did not find application config file: WebXmlConfig
31 Dec 2014 14:53:47 [,,] [ INFO] webxml.WebxmlGrailsPlugin      Loading default config file: class DefaultWebXmlConfig
31 Dec 2014 14:53:47 [,,] [ WARN] webxml.WebxmlGrailsPlugin      Did not find application config file: WebXmlConfig
31 Dec 2014 14:53:47 [,,] [ INFO] webxml.WebxmlGrailsPlugin      Loading default config file: class DefaultWebXmlConfig
31 Dec 2014 14:53:47 [,,] [ WARN] webxml.WebxmlGrailsPlugin      Did not find application config file: WebXmlConfig
31 Dec 2014 14:53:47 [,,] [ INFO] http11.Http11Protocol          Initializing ProtocolHandler ["http-bio-8080"]
31 Dec 2014 14:53:48 [,,] [ INFO] core.StandardService           Starting service Tomcat
31 Dec 2014 14:53:48 [,,] [ INFO] core.StandardEngine            Starting Servlet Engine: Apache Tomcat/7.0.47
31 Dec 2014 14:53:48 [,,] [ INFO] startup.ContextConfig          No global web.xml found
31 Dec 2014 14:53:48 [,,] [ INFO] [localhost].[/grb-data]        Initializing Spring root WebApplicationContext
31 Dec 2014 14:53:49 [,,] [ INFO] ernate3.HibernatePluginSupport Set db generation strategy to 'update' for datasource DEFAULT
31 Dec 2014 14:53:49 [,,] [ WARN] util.GrailsUtil                [DEPRECATED] Method ConfigurationHolder.getConfig() is deprecated and will be removed in a future version of Grails.
31 Dec 2014 14:53:50 [,,] [ INFO] cache.CacheBeanPostProcessor   postProcessBeanDefinitionRegistry start
31 Dec 2014 14:53:50 [,,] [ INFO] cache.CacheBeanPostProcessor   postProcessBeanFactory
31 Dec 2014 14:53:50 [,,] [ERROR] pool.ConnectionPool            Unable to create initial connections of pool.
java.sql.SQLException: Access denied for user 'instagamma'@'localhost' (using password: YES)
	at com.mysql.jdbc.SQLError.createSQLException(SQLError.java:1074)
	at com.mysql.jdbc.MysqlIO.checkErrorPacket(MysqlIO.java:4096)
	at com.mysql.jdbc.MysqlIO.checkErrorPacket(MysqlIO.java:4028)
	at com.mysql.jdbc.MysqlIO.checkErrorPacket(MysqlIO.java:919)
	at com.mysql.jdbc.MysqlIO.proceedHandshakeWithPluggableAuthentication(MysqlIO.java:1694)
	at com.mysql.jdbc.MysqlIO.doHandshake(MysqlIO.java:1244)
	at com.mysql.jdbc.ConnectionImpl.coreConnect(ConnectionImpl.java:2412)
	at com.mysql.jdbc.ConnectionImpl.connectOneTryOnly(ConnectionImpl.java:2445)
	at com.mysql.jdbc.ConnectionImpl.createNewIO(ConnectionImpl.java:2230)
	at com.mysql.jdbc.ConnectionImpl.<init>(ConnectionImpl.java:813)
	at com.mysql.jdbc.JDBC4Connection.<init>(JDBC4Connection.java:47)
	at sun.reflect.NativeConstructorAccessorImpl.newInstance0(Native Method)
	at sun.reflect.NativeConstructorAccessorImpl.newInstance(NativeConstructorAccessorImpl.java:57)
	at sun.reflect.DelegatingConstructorAccessorImpl.newInstance(DelegatingConstructorAccessorImpl.java:45)
	at java.lang.reflect.Constructor.newInstance(Constructor.java:526)
	at com.mysql.jdbc.Util.handleNewInstance(Util.java:411)
	at com.mysql.jdbc.ConnectionImpl.getInstance(ConnectionImpl.java:399)
	at com.mysql.jdbc.NonRegisteringDriver.connect(NonRegisteringDriver.java:334)
	at org.apache.tomcat.jdbc.pool.PooledConnection.connectUsingDriver(PooledConnection.java:278)
	at org.apache.tomcat.jdbc.pool.PooledConnection.connect(PooledConnection.java:182)
	at org.apache.tomcat.jdbc.pool.ConnectionPool.createConnection(ConnectionPool.java:701)
	at org.apache.tomcat.jdbc.pool.ConnectionPool.borrowConnection(ConnectionPool.java:635)
	at org.apache.tomcat.jdbc.pool.ConnectionPool.init(ConnectionPool.java:486)
	at org.apache.tomcat.jdbc.pool.ConnectionPool.<init>(ConnectionPool.java:144)
	at org.apache.tomcat.jdbc.pool.DataSourceProxy.pCreatePool(DataSourceProxy.java:116)
	at org.apache.tomcat.jdbc.pool.DataSourceProxy.createPool(DataSourceProxy.java:103)
	at org.apache.tomcat.jdbc.pool.DataSourceProxy.getConnection(DataSourceProxy.java:127)
	at org.springframework.jdbc.datasource.LazyConnectionDataSourceProxy.afterPropertiesSet(LazyConnectionDataSourceProxy.java:162)
	at org.springframework.jdbc.datasource.LazyConnectionDataSourceProxy.<init>(LazyConnectionDataSourceProxy.java:106)
	at sun.reflect.NativeConstructorAccessorImpl.newInstance0(Native Method)
	at sun.reflect.NativeConstructorAccessorImpl.newInstance(NativeConstructorAccessorImpl.java:57)
	at sun.reflect.DelegatingConstructorAccessorImpl.newInstance(DelegatingConstructorAccessorImpl.java:45)
	at java.lang.reflect.Constructor.newInstance(Constructor.java:526)
	at org.springframework.beans.BeanUtils.instantiateClass(BeanUtils.java:148)
	at org.springframework.beans.factory.support.SimpleInstantiationStrategy.instantiate(SimpleInstantiationStrategy.java:121)
	at org.springframework.beans.factory.support.ConstructorResolver.autowireConstructor(ConstructorResolver.java:280)
	at org.springframework.beans.factory.support.AbstractAutowireCapableBeanFactory.autowireConstructor(AbstractAutowireCapableBeanFactory.java:1075)
	at org.springframework.beans.factory.support.AbstractAutowireCapableBeanFactory.createBeanInstance(AbstractAutowireCapableBeanFactory.java:979)
	at org.springframework.beans.factory.support.AbstractAutowireCapableBeanFactory.doCreateBean(AbstractAutowireCapableBeanFactory.java:487)
	at org.codehaus.groovy.grails.commons.spring.ReloadAwareAutowireCapableBeanFactory.doCreateBean(ReloadAwareAutowireCapableBeanFactory.java:127)
	at org.springframework.beans.factory.support.AbstractAutowireCapableBeanFactory.createBean(AbstractAutowireCapableBeanFactory.java:458)
	at org.springframework.beans.factory.support.AbstractBeanFactory$1.getObject(AbstractBeanFactory.java:296)
	at org.springframework.beans.factory.support.DefaultSingletonBeanRegistry.getSingleton(DefaultSingletonBeanRegistry.java:223)
	at org.springframework.beans.factory.support.AbstractBeanFactory.doGetBean(AbstractBeanFactory.java:293)
	at org.springframework.beans.factory.support.AbstractBeanFactory.getBean(AbstractBeanFactory.java:194)
	at org.springframework.beans.factory.support.BeanDefinitionValueResolver.resolveReference(BeanDefinitionValueResolver.java:323)
	at org.springframework.beans.factory.support.BeanDefinitionValueResolver.resolveValueIfNecessary(BeanDefinitionValueResolver.java:107)
	at org.springframework.beans.factory.support.ConstructorResolver.resolveConstructorArguments(ConstructorResolver.java:637)
	at org.springframework.beans.factory.support.ConstructorResolver.autowireConstructor(ConstructorResolver.java:148)
	at org.springframework.beans.factory.support.AbstractAutowireCapableBeanFactory.autowireConstructor(AbstractAutowireCapableBeanFactory.java:1075)
	at org.springframework.beans.factory.support.AbstractAutowireCapableBeanFactory.createBeanInstance(AbstractAutowireCapableBeanFactory.java:979)
	at org.springframework.beans.factory.support.AbstractAutowireCapableBeanFactory.doCreateBean(AbstractAutowireCapableBeanFactory.java:487)
	at org.codehaus.groovy.grails.commons.spring.ReloadAwareAutowireCapableBeanFactory.doCreateBean(ReloadAwareAutowireCapableBeanFactory.java:127)
	at org.springframework.beans.factory.support.AbstractAutowireCapableBeanFactory.createBean(AbstractAutowireCapableBeanFactory.java:458)
	at org.springframework.beans.factory.support.AbstractBeanFactory$1.getObject(AbstractBeanFactory.java:296)
	at org.springframework.beans.factory.support.DefaultSingletonBeanRegistry.getSingleton(DefaultSingletonBeanRegistry.java:223)
	at org.springframework.beans.factory.support.AbstractBeanFactory.doGetBean(AbstractBeanFactory.java:293)
	at org.springframework.beans.factory.support.AbstractBeanFactory.getBean(AbstractBeanFactory.java:194)
	at org.springframework.beans.factory.support.BeanDefinitionValueResolver.resolveReference(BeanDefinitionValueResolver.java:323)
	at org.springframework.beans.factory.support.BeanDefinitionValueResolver.resolveValueIfNecessary(BeanDefinitionValueResolver.java:107)
	at org.springframework.beans.factory.support.AbstractAutowireCapableBeanFactory.applyPropertyValues(AbstractAutowireCapableBeanFactory.java:1417)
	at org.springframework.beans.factory.support.AbstractAutowireCapableBeanFactory.populateBean(AbstractAutowireCapableBeanFactory.java:1158)
	at org.springframework.beans.factory.support.AbstractAutowireCapableBeanFactory.doCreateBean(AbstractAutowireCapableBeanFactory.java:519)
	at org.codehaus.groovy.grails.commons.spring.ReloadAwareAutowireCapableBeanFactory.doCreateBean(ReloadAwareAutowireCapableBeanFactory.java:127)
	at org.springframework.beans.factory.support.AbstractAutowireCapableBeanFactory.createBean(AbstractAutowireCapableBeanFactory.java:458)
	at org.springframework.beans.factory.support.AbstractBeanFactory$1.getObject(AbstractBeanFactory.java:296)
	at org.springframework.beans.factory.support.DefaultSingletonBeanRegistry.getSingleton(DefaultSingletonBeanRegistry.java:223)
	at org.springframework.beans.factory.support.AbstractBeanFactory.doGetBean(AbstractBeanFactory.java:293)
	at org.springframework.beans.factory.support.AbstractBeanFactory.getBean(AbstractBeanFactory.java:194)
	at org.springframework.beans.factory.support.BeanDefinitionValueResolver.resolveReference(BeanDefinitionValueResolver.java:323)
	at org.springframework.beans.factory.support.BeanDefinitionValueResolver.resolveValueIfNecessary(BeanDefinitionValueResolver.java:107)
	at org.springframework.beans.factory.support.AbstractAutowireCapableBeanFactory.applyPropertyValues(AbstractAutowireCapableBeanFactory.java:1417)
	at org.springframework.beans.factory.support.AbstractAutowireCapableBeanFactory.populateBean(AbstractAutowireCapableBeanFactory.java:1158)
	at org.springframework.beans.factory.support.AbstractAutowireCapableBeanFactory.doCreateBean(AbstractAutowireCapableBeanFactory.java:519)
	at org.codehaus.groovy.grails.commons.spring.ReloadAwareAutowireCapableBeanFactory.doCreateBean(ReloadAwareAutowireCapableBeanFactory.java:127)
	at org.springframework.beans.factory.support.AbstractAutowireCapableBeanFactory.createBean(AbstractAutowireCapableBeanFactory.java:458)
	at org.springframework.beans.factory.support.AbstractBeanFactory$1.getObject(AbstractBeanFactory.java:296)
	at org.springframework.beans.factory.support.DefaultSingletonBeanRegistry.getSingleton(DefaultSingletonBeanRegistry.java:223)
	at org.springframework.beans.factory.support.AbstractBeanFactory.doGetBean(AbstractBeanFactory.java:293)
	at org.springframework.beans.factory.support.AbstractBeanFactory.getBean(AbstractBeanFactory.java:198)
	at org.codehaus.groovy.grails.orm.support.TransactionManagerPostProcessor.initialize(TransactionManagerPostProcessor.java:74)
	at org.codehaus.groovy.grails.orm.support.TransactionManagerPostProcessor.setBeanFactory(TransactionManagerPostProcessor.java:52)
	at org.springframework.beans.factory.support.AbstractAutowireCapableBeanFactory.invokeAwareMethods(AbstractAutowireCapableBeanFactory.java:1532)
	at org.springframework.beans.factory.support.AbstractAutowireCapableBeanFactory.initializeBean(AbstractAutowireCapableBeanFactory.java:1500)
	at org.springframework.beans.factory.support.AbstractAutowireCapableBeanFactory.doCreateBean(AbstractAutowireCapableBeanFactory.java:521)
	at org.codehaus.groovy.grails.commons.spring.ReloadAwareAutowireCapableBeanFactory.doCreateBean(ReloadAwareAutowireCapableBeanFactory.java:127)
	at org.springframework.beans.factory.support.AbstractAutowireCapableBeanFactory.createBean(AbstractAutowireCapableBeanFactory.java:458)
	at org.springframework.beans.factory.support.AbstractBeanFactory$1.getObject(AbstractBeanFactory.java:296)
	at org.springframework.beans.factory.support.DefaultSingletonBeanRegistry.getSingleton(DefaultSingletonBeanRegistry.java:223)
	at org.springframework.beans.factory.support.AbstractBeanFactory.doGetBean(AbstractBeanFactory.java:293)
	at org.springframework.beans.factory.support.AbstractBeanFactory.getBean(AbstractBeanFactory.java:198)
	at org.springframework.context.support.AbstractApplicationContext.registerBeanPostProcessors(AbstractApplicationContext.java:720)
	at org.springframework.context.support.AbstractApplicationContext.refresh(AbstractApplicationContext.java:464)
	at org.codehaus.groovy.grails.commons.spring.DefaultRuntimeSpringConfiguration.getApplicationContext(DefaultRuntimeSpringConfiguration.java:153)
	at org.codehaus.groovy.grails.commons.spring.GrailsRuntimeConfigurator.configure(GrailsRuntimeConfigurator.java:169)
	at org.codehaus.groovy.grails.commons.spring.GrailsRuntimeConfigurator.configure(GrailsRuntimeConfigurator.java:127)
	at org.codehaus.groovy.grails.web.context.GrailsConfigUtils.configureWebApplicationContext(GrailsConfigUtils.java:122)
	at org.codehaus.groovy.grails.web.context.GrailsContextLoader.initWebApplicationContext(GrailsContextLoader.java:108)
	at org.springframework.web.context.ContextLoaderListener.contextInitialized(ContextLoaderListener.java:112)
	at org.apache.catalina.core.StandardContext.listenerStart(StandardContext.java:4939)
	at org.apache.catalina.core.StandardContext.startInternal(StandardContext.java:5434)
	at org.apache.catalina.util.LifecycleBase.start(LifecycleBase.java:150)
	at org.apache.catalina.core.ContainerBase$StartChild.call(ContainerBase.java:1559)
	at org.apache.catalina.core.ContainerBase$StartChild.call(ContainerBase.java:1549)
	at java.util.concurrent.FutureTask.run(FutureTask.java:262)
	at java.util.concurrent.ThreadPoolExecutor.runWorker(ThreadPoolExecutor.java:1145)
	at java.util.concurrent.ThreadPoolExecutor$Worker.run(ThreadPoolExecutor.java:615)
	at java.lang.Thread.run(Thread.java:744)
31 Dec 2014 14:53:50 [,,] [ERROR] pool.ConnectionPool            Unable to create initial connections of pool.
java.sql.SQLException: Access denied for user 'instagamma'@'localhost' (using password: YES)
	at com.mysql.jdbc.SQLError.createSQLException(SQLError.java:1074)
	at com.mysql.jdbc.MysqlIO.checkErrorPacket(MysqlIO.java:4096)
	at com.mysql.jdbc.MysqlIO.checkErrorPacket(MysqlIO.java:4028)
	at com.mysql.jdbc.MysqlIO.checkErrorPacket(MysqlIO.java:919)
	at com.mysql.jdbc.MysqlIO.proceedHandshakeWithPluggableAuthentication(MysqlIO.java:1694)
	at com.mysql.jdbc.MysqlIO.doHandshake(MysqlIO.java:1244)
	at com.mysql.jdbc.ConnectionImpl.coreConnect(ConnectionImpl.java:2412)
	at com.mysql.jdbc.ConnectionImpl.connectOneTryOnly(ConnectionImpl.java:2445)
	at com.mysql.jdbc.ConnectionImpl.createNewIO(ConnectionImpl.java:2230)
	at com.mysql.jdbc.ConnectionImpl.<init>(ConnectionImpl.java:813)
	at com.mysql.jdbc.JDBC4Connection.<init>(JDBC4Connection.java:47)
	at sun.reflect.NativeConstructorAccessorImpl.newInstance0(Native Method)
	at sun.reflect.NativeConstructorAccessorImpl.newInstance(NativeConstructorAccessorImpl.java:57)
	at sun.reflect.DelegatingConstructorAccessorImpl.newInstance(DelegatingConstructorAccessorImpl.java:45)
	at java.lang.reflect.Constructor.newInstance(Constructor.java:526)
	at com.mysql.jdbc.Util.handleNewInstance(Util.java:411)
	at com.mysql.jdbc.ConnectionImpl.getInstance(ConnectionImpl.java:399)
	at com.mysql.jdbc.NonRegisteringDriver.connect(NonRegisteringDriver.java:334)
	at org.apache.tomcat.jdbc.pool.PooledConnection.connectUsingDriver(PooledConnection.java:278)
	at org.apache.tomcat.jdbc.pool.PooledConnection.connect(PooledConnection.java:182)
	at org.apache.tomcat.jdbc.pool.ConnectionPool.createConnection(ConnectionPool.java:701)
	at org.apache.tomcat.jdbc.pool.ConnectionPool.borrowConnection(ConnectionPool.java:635)
	at org.apache.tomcat.jdbc.pool.ConnectionPool.init(ConnectionPool.java:486)
	at org.apache.tomcat.jdbc.pool.ConnectionPool.<init>(ConnectionPool.java:144)
	at org.apache.tomcat.jdbc.pool.DataSourceProxy.pCreatePool(DataSourceProxy.java:116)
	at org.apache.tomcat.jdbc.pool.DataSourceProxy.createPool(DataSourceProxy.java:103)
	at org.apache.tomcat.jdbc.pool.DataSourceProxy.getConnection(DataSourceProxy.java:127)
	at org.springframework.jdbc.datasource.LazyConnectionDataSourceProxy.afterPropertiesSet(LazyConnectionDataSourceProxy.java:162)
	at org.springframework.beans.factory.support.AbstractAutowireCapableBeanFactory.invokeInitMethods(AbstractAutowireCapableBeanFactory.java:1571)
	at org.springframework.beans.factory.support.AbstractAutowireCapableBeanFactory.initializeBean(AbstractAutowireCapableBeanFactory.java:1509)
	at org.springframework.beans.factory.support.AbstractAutowireCapableBeanFactory.doCreateBean(AbstractAutowireCapableBeanFactory.java:521)
	at org.codehaus.groovy.grails.commons.spring.ReloadAwareAutowireCapableBeanFactory.doCreateBean(ReloadAwareAutowireCapableBeanFactory.java:127)
	at org.springframework.beans.factory.support.AbstractAutowireCapableBeanFactory.createBean(AbstractAutowireCapableBeanFactory.java:458)
	at org.springframework.beans.factory.support.AbstractBeanFactory$1.getObject(AbstractBeanFactory.java:296)
	at org.springframework.beans.factory.support.DefaultSingletonBeanRegistry.getSingleton(DefaultSingletonBeanRegistry.java:223)
	at org.springframework.beans.factory.support.AbstractBeanFactory.doGetBean(AbstractBeanFactory.java:293)
	at org.springframework.beans.factory.support.AbstractBeanFactory.getBean(AbstractBeanFactory.java:194)
	at org.springframework.beans.factory.support.BeanDefinitionValueResolver.resolveReference(BeanDefinitionValueResolver.java:323)
	at org.springframework.beans.factory.support.BeanDefinitionValueResolver.resolveValueIfNecessary(BeanDefinitionValueResolver.java:107)
	at org.springframework.beans.factory.support.ConstructorResolver.resolveConstructorArguments(ConstructorResolver.java:637)
	at org.springframework.beans.factory.support.ConstructorResolver.autowireConstructor(ConstructorResolver.java:148)
	at org.springframework.beans.factory.support.AbstractAutowireCapableBeanFactory.autowireConstructor(AbstractAutowireCapableBeanFactory.java:1075)
	at org.springframework.beans.factory.support.AbstractAutowireCapableBeanFactory.createBeanInstance(AbstractAutowireCapableBeanFactory.java:979)
	at org.springframework.beans.factory.support.AbstractAutowireCapableBeanFactory.doCreateBean(AbstractAutowireCapableBeanFactory.java:487)
	at org.codehaus.groovy.grails.commons.spring.ReloadAwareAutowireCapableBeanFactory.doCreateBean(ReloadAwareAutowireCapableBeanFactory.java:127)
	at org.springframework.beans.factory.support.AbstractAutowireCapableBeanFactory.createBean(AbstractAutowireCapableBeanFactory.java:458)
	at org.springframework.beans.factory.support.AbstractBeanFactory$1.getObject(AbstractBeanFactory.java:296)
	at org.springframework.beans.factory.support.DefaultSingletonBeanRegistry.getSingleton(DefaultSingletonBeanRegistry.java:223)
	at org.springframework.beans.factory.support.AbstractBeanFactory.doGetBean(AbstractBeanFactory.java:293)
	at org.springframework.beans.factory.support.AbstractBeanFactory.getBean(AbstractBeanFactory.java:194)
	at org.springframework.beans.factory.support.BeanDefinitionValueResolver.resolveReference(BeanDefinitionValueResolver.java:323)
	at org.springframework.beans.factory.support.BeanDefinitionValueResolver.resolveValueIfNecessary(BeanDefinitionValueResolver.java:107)
	at org.springframework.beans.factory.support.AbstractAutowireCapableBeanFactory.applyPropertyValues(AbstractAutowireCapableBeanFactory.java:1417)
	at org.springframework.beans.factory.support.AbstractAutowireCapableBeanFactory.populateBean(AbstractAutowireCapableBeanFactory.java:1158)
	at org.springframework.beans.factory.support.AbstractAutowireCapableBeanFactory.doCreateBean(AbstractAutowireCapableBeanFactory.java:519)
	at org.codehaus.groovy.grails.commons.spring.ReloadAwareAutowireCapableBeanFactory.doCreateBean(ReloadAwareAutowireCapableBeanFactory.java:127)
	at org.springframework.beans.factory.support.AbstractAutowireCapableBeanFactory.createBean(AbstractAutowireCapableBeanFactory.java:458)
	at org.springframework.beans.factory.support.AbstractBeanFactory$1.getObject(AbstractBeanFactory.java:296)
	at org.springframework.beans.factory.support.DefaultSingletonBeanRegistry.getSingleton(DefaultSingletonBeanRegistry.java:223)
	at org.springframework.beans.factory.support.AbstractBeanFactory.doGetBean(AbstractBeanFactory.java:293)
	at org.springframework.beans.factory.support.AbstractBeanFactory.getBean(AbstractBeanFactory.java:194)
	at org.springframework.beans.factory.support.BeanDefinitionValueResolver.resolveReference(BeanDefinitionValueResolver.java:323)
	at org.springframework.beans.factory.support.BeanDefinitionValueResolver.resolveValueIfNecessary(BeanDefinitionValueResolver.java:107)
	at org.springframework.beans.factory.support.AbstractAutowireCapableBeanFactory.applyPropertyValues(AbstractAutowireCapableBeanFactory.java:1417)
	at org.springframework.beans.factory.support.AbstractAutowireCapableBeanFactory.populateBean(AbstractAutowireCapableBeanFactory.java:1158)
	at org.springframework.beans.factory.support.AbstractAutowireCapableBeanFactory.doCreateBean(AbstractAutowireCapableBeanFactory.java:519)
	at org.codehaus.groovy.grails.commons.spring.ReloadAwareAutowireCapableBeanFactory.doCreateBean(ReloadAwareAutowireCapableBeanFactory.java:127)
	at org.springframework.beans.factory.support.AbstractAutowireCapableBeanFactory.createBean(AbstractAutowireCapableBeanFactory.java:458)
	at org.springframework.beans.factory.support.AbstractBeanFactory$1.getObject(AbstractBeanFactory.java:296)
	at org.springframework.beans.factory.support.DefaultSingletonBeanRegistry.getSingleton(DefaultSingletonBeanRegistry.java:223)
	at org.springframework.beans.factory.support.AbstractBeanFactory.doGetBean(AbstractBeanFactory.java:293)
	at org.springframework.beans.factory.support.AbstractBeanFactory.getBean(AbstractBeanFactory.java:198)
	at org.codehaus.groovy.grails.orm.support.TransactionManagerPostProcessor.initialize(TransactionManagerPostProcessor.java:74)
	at org.codehaus.groovy.grails.orm.support.TransactionManagerPostProcessor.setBeanFactory(TransactionManagerPostProcessor.java:52)
	at org.springframework.beans.factory.support.AbstractAutowireCapableBeanFactory.invokeAwareMethods(AbstractAutowireCapableBeanFactory.java:1532)
	at org.springframework.beans.factory.support.AbstractAutowireCapableBeanFactory.initializeBean(AbstractAutowireCapableBeanFactory.java:1500)
	at org.springframework.beans.factory.support.AbstractAutowireCapableBeanFactory.doCreateBean(AbstractAutowireCapableBeanFactory.java:521)
	at org.codehaus.groovy.grails.commons.spring.ReloadAwareAutowireCapableBeanFactory.doCreateBean(ReloadAwareAutowireCapableBeanFactory.java:127)
	at org.springframework.beans.factory.support.AbstractAutowireCapableBeanFactory.createBean(AbstractAutowireCapableBeanFactory.java:458)
	at org.springframework.beans.factory.support.AbstractBeanFactory$1.getObject(AbstractBeanFactory.java:296)
	at org.springframework.beans.factory.support.DefaultSingletonBeanRegistry.getSingleton(DefaultSingletonBeanRegistry.java:223)
	at org.springframework.beans.factory.support.AbstractBeanFactory.doGetBean(AbstractBeanFactory.java:293)
	at org.springframework.beans.factory.support.AbstractBeanFactory.getBean(AbstractBeanFactory.java:198)
	at org.springframework.context.support.AbstractApplicationContext.registerBeanPostProcessors(AbstractApplicationContext.java:720)
	at org.springframework.context.support.AbstractApplicationContext.refresh(AbstractApplicationContext.java:464)
	at org.codehaus.groovy.grails.commons.spring.DefaultRuntimeSpringConfiguration.getApplicationContext(DefaultRuntimeSpringConfiguration.java:153)
	at org.codehaus.groovy.grails.commons.spring.GrailsRuntimeConfigurator.configure(GrailsRuntimeConfigurator.java:169)
	at org.codehaus.groovy.grails.commons.spring.GrailsRuntimeConfigurator.configure(GrailsRuntimeConfigurator.java:127)
	at org.codehaus.groovy.grails.web.context.GrailsConfigUtils.configureWebApplicationContext(GrailsConfigUtils.java:122)
	at org.codehaus.groovy.grails.web.context.GrailsContextLoader.initWebApplicationContext(GrailsContextLoader.java:108)
	at org.springframework.web.context.ContextLoaderListener.contextInitialized(ContextLoaderListener.java:112)
	at org.apache.catalina.core.StandardContext.listenerStart(StandardContext.java:4939)
	at org.apache.catalina.core.StandardContext.startInternal(StandardContext.java:5434)
	at org.apache.catalina.util.LifecycleBase.start(LifecycleBase.java:150)
	at org.apache.catalina.core.ContainerBase$StartChild.call(ContainerBase.java:1559)
	at org.apache.catalina.core.ContainerBase$StartChild.call(ContainerBase.java:1549)
	at java.util.concurrent.FutureTask.run(FutureTask.java:262)
	at java.util.concurrent.ThreadPoolExecutor.runWorker(ThreadPoolExecutor.java:1145)
	at java.util.concurrent.ThreadPoolExecutor$Worker.run(ThreadPoolExecutor.java:615)
	at java.lang.Thread.run(Thread.java:744)
31 Dec 2014 14:53:50 [,,] [ERROR] pool.ConnectionPool            Unable to create initial connections of pool.
java.sql.SQLException: Access denied for user 'instagamma'@'localhost' (using password: YES)
	at com.mysql.jdbc.SQLError.createSQLException(SQLError.java:1074)
	at com.mysql.jdbc.MysqlIO.checkErrorPacket(MysqlIO.java:4096)
	at com.mysql.jdbc.MysqlIO.checkErrorPacket(MysqlIO.java:4028)
	at com.mysql.jdbc.MysqlIO.checkErrorPacket(MysqlIO.java:919)
	at com.mysql.jdbc.MysqlIO.proceedHandshakeWithPluggableAuthentication(MysqlIO.java:1694)
	at com.mysql.jdbc.MysqlIO.doHandshake(MysqlIO.java:1244)
	at com.mysql.jdbc.ConnectionImpl.coreConnect(ConnectionImpl.java:2412)
	at com.mysql.jdbc.ConnectionImpl.connectOneTryOnly(ConnectionImpl.java:2445)
	at com.mysql.jdbc.ConnectionImpl.createNewIO(ConnectionImpl.java:2230)
	at com.mysql.jdbc.ConnectionImpl.<init>(ConnectionImpl.java:813)
	at com.mysql.jdbc.JDBC4Connection.<init>(JDBC4Connection.java:47)
	at sun.reflect.NativeConstructorAccessorImpl.newInstance0(Native Method)
	at sun.reflect.NativeConstructorAccessorImpl.newInstance(NativeConstructorAccessorImpl.java:57)
	at sun.reflect.DelegatingConstructorAccessorImpl.newInstance(DelegatingConstructorAccessorImpl.java:45)
	at java.lang.reflect.Constructor.newInstance(Constructor.java:526)
	at com.mysql.jdbc.Util.handleNewInstance(Util.java:411)
	at com.mysql.jdbc.ConnectionImpl.getInstance(ConnectionImpl.java:399)
	at com.mysql.jdbc.NonRegisteringDriver.connect(NonRegisteringDriver.java:334)
	at org.apache.tomcat.jdbc.pool.PooledConnection.connectUsingDriver(PooledConnection.java:278)
	at org.apache.tomcat.jdbc.pool.PooledConnection.connect(PooledConnection.java:182)
	at org.apache.tomcat.jdbc.pool.ConnectionPool.createConnection(ConnectionPool.java:701)
	at org.apache.tomcat.jdbc.pool.ConnectionPool.borrowConnection(ConnectionPool.java:635)
	at org.apache.tomcat.jdbc.pool.ConnectionPool.init(ConnectionPool.java:486)
	at org.apache.tomcat.jdbc.pool.ConnectionPool.<init>(ConnectionPool.java:144)
	at org.apache.tomcat.jdbc.pool.DataSourceProxy.pCreatePool(DataSourceProxy.java:116)
	at org.apache.tomcat.jdbc.pool.DataSourceProxy.createPool(DataSourceProxy.java:103)
	at org.apache.tomcat.jdbc.pool.DataSourceProxy.getConnection(DataSourceProxy.java:127)
	at org.springframework.jdbc.datasource.LazyConnectionDataSourceProxy$LazyConnectionInvocationHandler.getTargetConnection(LazyConnectionDataSourceProxy.java:400)
	at org.springframework.jdbc.datasource.LazyConnectionDataSourceProxy$LazyConnectionInvocationHandler.invoke(LazyConnectionDataSourceProxy.java:375)
	at com.sun.proxy.$Proxy25.getMetaData(Unknown Source)
	at sun.reflect.NativeMethodAccessorImpl.invoke0(Native Method)
	at sun.reflect.NativeMethodAccessorImpl.invoke(NativeMethodAccessorImpl.java:57)
	at sun.reflect.DelegatingMethodAccessorImpl.invoke(DelegatingMethodAccessorImpl.java:43)
	at java.lang.reflect.Method.invoke(Method.java:606)
	at org.springframework.jdbc.datasource.TransactionAwareDataSourceProxy$TransactionAwareInvocationHandler.invoke(TransactionAwareDataSourceProxy.java:239)
	at com.sun.proxy.$Proxy25.getMetaData(Unknown Source)
	at org.springframework.jdbc.support.JdbcUtils.extractDatabaseMetaData(JdbcUtils.java:285)
	at org.springframework.jdbc.support.JdbcUtils.extractDatabaseMetaData(JdbcUtils.java:320)
	at org.codehaus.groovy.grails.orm.hibernate.support.SpringLobHandlerDetectorFactoryBean.afterPropertiesSet(SpringLobHandlerDetectorFactoryBean.java:72)
	at org.springframework.beans.factory.support.AbstractAutowireCapableBeanFactory.invokeInitMethods(AbstractAutowireCapableBeanFactory.java:1571)
	at org.springframework.beans.factory.support.AbstractAutowireCapableBeanFactory.initializeBean(AbstractAutowireCapableBeanFactory.java:1509)
	at org.springframework.beans.factory.support.AbstractAutowireCapableBeanFactory.doCreateBean(AbstractAutowireCapableBeanFactory.java:521)
	at org.codehaus.groovy.grails.commons.spring.ReloadAwareAutowireCapableBeanFactory.doCreateBean(ReloadAwareAutowireCapableBeanFactory.java:127)
	at org.springframework.beans.factory.support.AbstractAutowireCapableBeanFactory.createBean(AbstractAutowireCapableBeanFactory.java:458)
	at org.springframework.beans.factory.support.AbstractBeanFactory$1.getObject(AbstractBeanFactory.java:296)
	at org.springframework.beans.factory.support.DefaultSingletonBeanRegistry.getSingleton(DefaultSingletonBeanRegistry.java:223)
	at org.springframework.beans.factory.support.AbstractBeanFactory.doGetBean(AbstractBeanFactory.java:293)
	at org.springframework.beans.factory.support.AbstractBeanFactory.getBean(AbstractBeanFactory.java:194)
	at org.springframework.beans.factory.support.BeanDefinitionValueResolver.resolveReference(BeanDefinitionValueResolver.java:323)
	at org.springframework.beans.factory.support.BeanDefinitionValueResolver.resolveValueIfNecessary(BeanDefinitionValueResolver.java:107)
	at org.springframework.beans.factory.support.AbstractAutowireCapableBeanFactory.applyPropertyValues(AbstractAutowireCapableBeanFactory.java:1417)
	at org.springframework.beans.factory.support.AbstractAutowireCapableBeanFactory.populateBean(AbstractAutowireCapableBeanFactory.java:1158)
	at org.springframework.beans.factory.support.AbstractAutowireCapableBeanFactory.doCreateBean(AbstractAutowireCapableBeanFactory.java:519)
	at org.codehaus.groovy.grails.commons.spring.ReloadAwareAutowireCapableBeanFactory.doCreateBean(ReloadAwareAutowireCapableBeanFactory.java:127)
	at org.springframework.beans.factory.support.AbstractAutowireCapableBeanFactory.createBean(AbstractAutowireCapableBeanFactory.java:458)
	at org.springframework.beans.factory.support.AbstractBeanFactory$1.getObject(AbstractBeanFactory.java:296)
	at org.springframework.beans.factory.support.DefaultSingletonBeanRegistry.getSingleton(DefaultSingletonBeanRegistry.java:223)
	at org.springframework.beans.factory.support.AbstractBeanFactory.doGetBean(AbstractBeanFactory.java:293)
	at org.springframework.beans.factory.support.AbstractBeanFactory.getBean(AbstractBeanFactory.java:194)
	at org.springframework.beans.factory.support.BeanDefinitionValueResolver.resolveReference(BeanDefinitionValueResolver.java:323)
	at org.springframework.beans.factory.support.BeanDefinitionValueResolver.resolveValueIfNecessary(BeanDefinitionValueResolver.java:107)
	at org.springframework.beans.factory.support.AbstractAutowireCapableBeanFactory.applyPropertyValues(AbstractAutowireCapableBeanFactory.java:1417)
	at org.springframework.beans.factory.support.AbstractAutowireCapableBeanFactory.populateBean(AbstractAutowireCapableBeanFactory.java:1158)
	at org.springframework.beans.factory.support.AbstractAutowireCapableBeanFactory.doCreateBean(AbstractAutowireCapableBeanFactory.java:519)
	at org.codehaus.groovy.grails.commons.spring.ReloadAwareAutowireCapableBeanFactory.doCreateBean(ReloadAwareAutowireCapableBeanFactory.java:127)
	at org.springframework.beans.factory.support.AbstractAutowireCapableBeanFactory.createBean(AbstractAutowireCapableBeanFactory.java:458)
	at org.springframework.beans.factory.support.AbstractBeanFactory$1.getObject(AbstractBeanFactory.java:296)
	at org.springframework.beans.factory.support.DefaultSingletonBeanRegistry.getSingleton(DefaultSingletonBeanRegistry.java:223)
	at org.springframework.beans.factory.support.AbstractBeanFactory.doGetBean(AbstractBeanFactory.java:293)
	at org.springframework.beans.factory.support.AbstractBeanFactory.getBean(AbstractBeanFactory.java:198)
	at org.codehaus.groovy.grails.orm.support.TransactionManagerPostProcessor.initialize(TransactionManagerPostProcessor.java:74)
	at org.codehaus.groovy.grails.orm.support.TransactionManagerPostProcessor.setBeanFactory(TransactionManagerPostProcessor.java:52)
	at org.springframework.beans.factory.support.AbstractAutowireCapableBeanFactory.invokeAwareMethods(AbstractAutowireCapableBeanFactory.java:1532)
	at org.springframework.beans.factory.support.AbstractAutowireCapableBeanFactory.initializeBean(AbstractAutowireCapableBeanFactory.java:1500)
	at org.springframework.beans.factory.support.AbstractAutowireCapableBeanFactory.doCreateBean(AbstractAutowireCapableBeanFactory.java:521)
	at org.codehaus.groovy.grails.commons.spring.ReloadAwareAutowireCapableBeanFactory.doCreateBean(ReloadAwareAutowireCapableBeanFactory.java:127)
	at org.springframework.beans.factory.support.AbstractAutowireCapableBeanFactory.createBean(AbstractAutowireCapableBeanFactory.java:458)
	at org.springframework.beans.factory.support.AbstractBeanFactory$1.getObject(AbstractBeanFactory.java:296)
	at org.springframework.beans.factory.support.DefaultSingletonBeanRegistry.getSingleton(DefaultSingletonBeanRegistry.java:223)
	at org.springframework.beans.factory.support.AbstractBeanFactory.doGetBean(AbstractBeanFactory.java:293)
	at org.springframework.beans.factory.support.AbstractBeanFactory.getBean(AbstractBeanFactory.java:198)
	at org.springframework.context.support.AbstractApplicationContext.registerBeanPostProcessors(AbstractApplicationContext.java:720)
	at org.springframework.context.support.AbstractApplicationContext.refresh(AbstractApplicationContext.java:464)
	at org.codehaus.groovy.grails.commons.spring.DefaultRuntimeSpringConfiguration.getApplicationContext(DefaultRuntimeSpringConfiguration.java:153)
	at org.codehaus.groovy.grails.commons.spring.GrailsRuntimeConfigurator.configure(GrailsRuntimeConfigurator.java:169)
	at org.codehaus.groovy.grails.commons.spring.GrailsRuntimeConfigurator.configure(GrailsRuntimeConfigurator.java:127)
	at org.codehaus.groovy.grails.web.context.GrailsConfigUtils.configureWebApplicationContext(GrailsConfigUtils.java:122)
	at org.codehaus.groovy.grails.web.context.GrailsContextLoader.initWebApplicationContext(GrailsContextLoader.java:108)
	at org.springframework.web.context.ContextLoaderListener.contextInitialized(ContextLoaderListener.java:112)
	at org.apache.catalina.core.StandardContext.listenerStart(StandardContext.java:4939)
	at org.apache.catalina.core.StandardContext.startInternal(StandardContext.java:5434)
	at org.apache.catalina.util.LifecycleBase.start(LifecycleBase.java:150)
	at org.apache.catalina.core.ContainerBase$StartChild.call(ContainerBase.java:1559)
	at org.apache.catalina.core.ContainerBase$StartChild.call(ContainerBase.java:1549)
	at java.util.concurrent.FutureTask.run(FutureTask.java:262)
	at java.util.concurrent.ThreadPoolExecutor.runWorker(ThreadPoolExecutor.java:1145)
	at java.util.concurrent.ThreadPoolExecutor$Worker.run(ThreadPoolExecutor.java:615)
	at java.lang.Thread.run(Thread.java:744)
31 Dec 2014 14:53:50 [,,] [ERROR] context.GrailsContextLoader    Error initializing the application: Error creating bean with name 'transactionManagerPostProcessor': Initialization of bean failed; nested exception is org.springframework.beans.factory.BeanCreationException: Error creating bean with name 'transactionManager': Cannot resolve reference to bean 'sessionFactory' while setting bean property 'sessionFactory'; nested exception is org.springframework.beans.factory.BeanCreationException: Error creating bean with name 'sessionFactory': Cannot resolve reference to bean 'lobHandlerDetector' while setting bean property 'lobHandler'; nested exception is org.springframework.beans.factory.BeanCreationException: Error creating bean with name 'lobHandlerDetector': Invocation of init method failed; nested exception is org.springframework.jdbc.support.MetaDataAccessException: Error while extracting DatabaseMetaData; nested exception is java.sql.SQLException: Access denied for user 'instagamma'@'localhost' (using password: YES)
org.springframework.beans.factory.BeanCreationException: Error creating bean with name 'transactionManagerPostProcessor': Initialization of bean failed; nested exception is org.springframework.beans.factory.BeanCreationException: Error creating bean with name 'transactionManager': Cannot resolve reference to bean 'sessionFactory' while setting bean property 'sessionFactory'; nested exception is org.springframework.beans.factory.BeanCreationException: Error creating bean with name 'sessionFactory': Cannot resolve reference to bean 'lobHandlerDetector' while setting bean property 'lobHandler'; nested exception is org.springframework.beans.factory.BeanCreationException: Error creating bean with name 'lobHandlerDetector': Invocation of init method failed; nested exception is org.springframework.jdbc.support.MetaDataAccessException: Error while extracting DatabaseMetaData; nested exception is java.sql.SQLException: Access denied for user 'instagamma'@'localhost' (using password: YES)
	at java.util.concurrent.FutureTask.run(FutureTask.java:262)
	at java.util.concurrent.ThreadPoolExecutor.runWorker(ThreadPoolExecutor.java:1145)
	at java.util.concurrent.ThreadPoolExecutor$Worker.run(ThreadPoolExecutor.java:615)
	at java.lang.Thread.run(Thread.java:744)
Caused by: org.springframework.beans.factory.BeanCreationException: Error creating bean with name 'transactionManager': Cannot resolve reference to bean 'sessionFactory' while setting bean property 'sessionFactory'; nested exception is org.springframework.beans.factory.BeanCreationException: Error creating bean with name 'sessionFactory': Cannot resolve reference to bean 'lobHandlerDetector' while setting bean property 'lobHandler'; nested exception is org.springframework.beans.factory.BeanCreationException: Error creating bean with name 'lobHandlerDetector': Invocation of init method failed; nested exception is org.springframework.jdbc.support.MetaDataAccessException: Error while extracting DatabaseMetaData; nested exception is java.sql.SQLException: Access denied for user 'instagamma'@'localhost' (using password: YES)
	... 4 more
Caused by: org.springframework.beans.factory.BeanCreationException: Error creating bean with name 'sessionFactory': Cannot resolve reference to bean 'lobHandlerDetector' while setting bean property 'lobHandler'; nested exception is org.springframework.beans.factory.BeanCreationException: Error creating bean with name 'lobHandlerDetector': Invocation of init method failed; nested exception is org.springframework.jdbc.support.MetaDataAccessException: Error while extracting DatabaseMetaData; nested exception is java.sql.SQLException: Access denied for user 'instagamma'@'localhost' (using password: YES)
	... 4 more
Caused by: org.springframework.beans.factory.BeanCreationException: Error creating bean with name 'lobHandlerDetector': Invocation of init method failed; nested exception is org.springframework.jdbc.support.MetaDataAccessException: Error while extracting DatabaseMetaData; nested exception is java.sql.SQLException: Access denied for user 'instagamma'@'localhost' (using password: YES)
	... 4 more
Caused by: org.springframework.jdbc.support.MetaDataAccessException: Error while extracting DatabaseMetaData; nested exception is java.sql.SQLException: Access denied for user 'instagamma'@'localhost' (using password: YES)
	... 4 more
Caused by: java.sql.SQLException: Access denied for user 'instagamma'@'localhost' (using password: YES)
	at com.mysql.jdbc.SQLError.createSQLException(SQLError.java:1074)
	at com.mysql.jdbc.MysqlIO.checkErrorPacket(MysqlIO.java:4096)
	at com.mysql.jdbc.MysqlIO.checkErrorPacket(MysqlIO.java:4028)
	at com.mysql.jdbc.MysqlIO.checkErrorPacket(MysqlIO.java:919)
	at com.mysql.jdbc.MysqlIO.proceedHandshakeWithPluggableAuthentication(MysqlIO.java:1694)
	at com.mysql.jdbc.MysqlIO.doHandshake(MysqlIO.java:1244)
	at com.mysql.jdbc.ConnectionImpl.coreConnect(ConnectionImpl.java:2412)
	at com.mysql.jdbc.ConnectionImpl.connectOneTryOnly(ConnectionImpl.java:2445)
	at com.mysql.jdbc.ConnectionImpl.createNewIO(ConnectionImpl.java:2230)
	at com.mysql.jdbc.ConnectionImpl.<init>(ConnectionImpl.java:813)
	at com.mysql.jdbc.JDBC4Connection.<init>(JDBC4Connection.java:47)
	at com.mysql.jdbc.Util.handleNewInstance(Util.java:411)
	at com.mysql.jdbc.ConnectionImpl.getInstance(ConnectionImpl.java:399)
	at com.mysql.jdbc.NonRegisteringDriver.connect(NonRegisteringDriver.java:334)
	... 4 more
31 Dec 2014 14:58:50 [,,] [ INFO] webxml.WebxmlGrailsPlugin      Loading default config file: class DefaultWebXmlConfig
31 Dec 2014 14:58:50 [,,] [ WARN] webxml.WebxmlGrailsPlugin      Did not find application config file: WebXmlConfig
31 Dec 2014 14:58:50 [,,] [ INFO] webxml.WebxmlGrailsPlugin      Loading default config file: class DefaultWebXmlConfig
31 Dec 2014 14:58:50 [,,] [ WARN] webxml.WebxmlGrailsPlugin      Did not find application config file: WebXmlConfig
31 Dec 2014 14:58:50 [,,] [ INFO] http11.Http11Protocol          Initializing ProtocolHandler ["http-bio-8080"]
31 Dec 2014 14:58:51 [,,] [ INFO] core.StandardService           Starting service Tomcat
31 Dec 2014 14:58:51 [,,] [ INFO] core.StandardEngine            Starting Servlet Engine: Apache Tomcat/7.0.47
31 Dec 2014 14:58:51 [,,] [ INFO] startup.ContextConfig          No global web.xml found
31 Dec 2014 14:58:51 [,,] [ INFO] [localhost].[/grb-data]        Initializing Spring root WebApplicationContext
31 Dec 2014 14:58:52 [,,] [ INFO] ernate3.HibernatePluginSupport Set db generation strategy to 'create-drop' for datasource DEFAULT
31 Dec 2014 14:58:52 [,,] [ WARN] util.GrailsUtil                [DEPRECATED] Method ConfigurationHolder.getConfig() is deprecated and will be removed in a future version of Grails.
31 Dec 2014 14:58:53 [,,] [ INFO] cache.CacheBeanPostProcessor   postProcessBeanDefinitionRegistry start
31 Dec 2014 14:58:53 [,,] [ INFO] cache.CacheBeanPostProcessor   postProcessBeanFactory
31 Dec 2014 14:58:53 [,,] [ WARN] config.ConfigurationFactory    No configuration found. Configuring ehcache from ehcache-failsafe.xml  found in the classpath: jar:file:/Users/rickcochrane/.grails/ivy-cache/net.sf.ehcache/ehcache-core/jars/ehcache-core-2.4.6.jar!/ehcache-failsafe.xml
31 Dec 2014 14:58:55 [,,] [ INFO] cept.FilterSecurityInterceptor Validated configuration attributes
31 Dec 2014 14:58:56 [,,] [ INFO] impl.StdSchedulerFactory       Using default implementation for ThreadExecutor
31 Dec 2014 14:58:56 [,,] [ INFO] core.SchedulerSignalerImpl     Initialized Scheduler Signaller of type: class org.quartz.core.SchedulerSignalerImpl
31 Dec 2014 14:58:56 [,,] [ INFO] core.QuartzScheduler           Quartz Scheduler v.2.1.5 created.
31 Dec 2014 14:58:56 [,,] [ INFO] simpl.RAMJobStore              RAMJobStore initialized.
31 Dec 2014 14:58:56 [,,] [ INFO] core.QuartzScheduler           Scheduler meta-data: Quartz Scheduler (v2.1.5) 'quartzScheduler' with instanceId 'NON_CLUSTERED'
  Scheduler class: 'org.quartz.core.QuartzScheduler' - running locally.
  NOT STARTED.
  Currently in standby mode.
  Number of jobs executed: 0
  Using thread pool 'org.quartz.simpl.SimpleThreadPool' - with 10 threads.
  Using job-store 'org.quartz.simpl.RAMJobStore' - which does not support persistence. and is not clustered.

31 Dec 2014 14:58:56 [,,] [ INFO] impl.StdSchedulerFactory       Quartz scheduler 'quartzScheduler' initialized from an externally provided properties instance.
31 Dec 2014 14:58:56 [,,] [ INFO] impl.StdSchedulerFactory       Quartz scheduler version: 2.1.5
31 Dec 2014 14:58:56 [,,] [ INFO] core.QuartzScheduler           JobFactory set to: grails.plugins.quartz.GrailsJobFactory@70912922
31 Dec 2014 14:58:56 [,,] [ INFO] resource.ResourceProcessor     Performing a full reload
31 Dec 2014 14:58:56 [,,] [ INFO] resource.ResourceProcessor     Loading resource declarations...
31 Dec 2014 14:58:56 [,,] [ INFO] resource.ResourceProcessor     Forgetting all known modules...
31 Dec 2014 14:58:56 [,,] [ INFO] resource.ResourceProcessor     Forgetting all known resources...
31 Dec 2014 14:58:56 [,,] [ WARN] util.GrailsUtil                [DEPRECATED] Method ApplicationHolder.getApplication() is deprecated and will be removed in a future version of Grails.
31 Dec 2014 14:58:56 [,,] [ WARN] dule.ModuleDeclarationsFactory 'grails.resources.modules' in config does not define any modules
31 Dec 2014 14:58:57 [,,] [ WARN] util.GrailsUtil                [DEPRECATED] Method ConfigurationHolder.getConfig() is deprecated and will be removed in a future version of Grails.
31 Dec 2014 14:58:57 [,,] [ WARN] util.GrailsUtil                [DEPRECATED] Method ApplicationHolder.getApplication() is deprecated and will be removed in a future version of Grails.
31 Dec 2014 14:58:57 [,,] [ WARN] util.GrailsUtil                [DEPRECATED] Method ApplicationHolder.getApplication() is deprecated and will be removed in a future version of Grails.
31 Dec 2014 14:58:58 [,,] [ INFO] abasemigration.MigrationRunner updateOnStart disabled for dataSource; not running migrations
31 Dec 2014 14:58:58 [,,] [ INFO] context.GrailsConfigUtils      [GrailsContextLoader] Grails application loaded.
31 Dec 2014 14:58:58 [,,] [ WARN] util.GrailsUtil                [DEPRECATED] Method ConfigurationHolder.getConfig() is deprecated and will be removed in a future version of Grails.
31 Dec 2014 14:58:58 [,,] [ INFO] core.QuartzScheduler           Scheduler quartzScheduler_$_NON_CLUSTERED started.
31 Dec 2014 14:58:58 [,,] [ INFO] [localhost].[/grb-data]        Initializing Spring FrameworkServlet 'grails'
31 Dec 2014 14:58:58 [,,] [ INFO] http11.Http11Protocol          Starting ProtocolHandler ["http-bio-8080"]
31 Dec 2014 14:59:11 [,,] [ INFO] [localhost].[/grb-data]        Initializing Spring FrameworkServlet 'gsp'
31 Dec 2014 14:59:11 [,,] [ INFO] [localhost].[/grb-data]        GSP servlet initialized
31 Dec 2014 14:59:39 [,,] [ INFO] omain.GrailsDomainClassCleaner Clearing static property staticGormStaticApi in org.codehaus.groovy.grails.plugins.springsecurity.ui.RegistrationCode
31 Dec 2014 14:59:39 [,,] [ INFO] omain.GrailsDomainClassCleaner Clearing static property instanceGormInstanceApi in org.codehaus.groovy.grails.plugins.springsecurity.ui.RegistrationCode
31 Dec 2014 14:59:39 [,,] [ INFO] omain.GrailsDomainClassCleaner Clearing static property instanceGormValidationApi in org.codehaus.groovy.grails.plugins.springsecurity.ui.RegistrationCode
31 Dec 2014 14:59:39 [,,] [ INFO] omain.GrailsDomainClassCleaner Clearing static property instanceGormValidationApi in com.instagamma.domain.Burst
31 Dec 2014 14:59:39 [,,] [ INFO] omain.GrailsDomainClassCleaner Clearing static property staticGormStaticApi in com.instagamma.domain.Burst
31 Dec 2014 14:59:39 [,,] [ INFO] omain.GrailsDomainClassCleaner Clearing static property instanceGormInstanceApi in com.instagamma.domain.Burst
31 Dec 2014 14:59:39 [,,] [ INFO] omain.GrailsDomainClassCleaner Clearing static property staticGormStaticApi in com.instagamma.domain.Constellation
31 Dec 2014 14:59:39 [,,] [ INFO] omain.GrailsDomainClassCleaner Clearing static property instanceGormInstanceApi in com.instagamma.domain.Constellation
31 Dec 2014 14:59:39 [,,] [ INFO] omain.GrailsDomainClassCleaner Clearing static property instanceGormValidationApi in com.instagamma.domain.Constellation
31 Dec 2014 14:59:39 [,,] [ INFO] omain.GrailsDomainClassCleaner Clearing static property staticGormStaticApi in com.instagamma.domain.Mission
31 Dec 2014 14:59:39 [,,] [ INFO] omain.GrailsDomainClassCleaner Clearing static property instanceGormInstanceApi in com.instagamma.domain.Mission
31 Dec 2014 14:59:39 [,,] [ INFO] omain.GrailsDomainClassCleaner Clearing static property instanceGormValidationApi in com.instagamma.domain.Mission
31 Dec 2014 14:59:39 [,,] [ INFO] omain.GrailsDomainClassCleaner Clearing static property staticGormStaticApi in com.instagamma.Role
31 Dec 2014 14:59:39 [,,] [ INFO] omain.GrailsDomainClassCleaner Clearing static property instanceGormInstanceApi in com.instagamma.Role
31 Dec 2014 14:59:39 [,,] [ INFO] omain.GrailsDomainClassCleaner Clearing static property instanceGormValidationApi in com.instagamma.Role
31 Dec 2014 14:59:39 [,,] [ INFO] omain.GrailsDomainClassCleaner Clearing static property staticGormStaticApi in com.instagamma.User
31 Dec 2014 14:59:39 [,,] [ INFO] omain.GrailsDomainClassCleaner Clearing static property instanceGormInstanceApi in com.instagamma.User
31 Dec 2014 14:59:39 [,,] [ INFO] omain.GrailsDomainClassCleaner Clearing static property instanceGormValidationApi in com.instagamma.User
31 Dec 2014 14:59:39 [,,] [ INFO] omain.GrailsDomainClassCleaner Clearing static property staticGormStaticApi in com.instagamma.UserRole
31 Dec 2014 14:59:39 [,,] [ INFO] omain.GrailsDomainClassCleaner Clearing static property instanceGormInstanceApi in com.instagamma.UserRole
31 Dec 2014 14:59:39 [,,] [ INFO] omain.GrailsDomainClassCleaner Clearing static property instanceGormValidationApi in com.instagamma.UserRole
31 Dec 2014 14:59:39 [,,] [ INFO] core.QuartzScheduler           Scheduler quartzScheduler_$_NON_CLUSTERED paused.
31 Dec 2014 14:59:39 [,,] [ INFO] core.QuartzScheduler           Scheduler quartzScheduler_$_NON_CLUSTERED shutting down.
31 Dec 2014 14:59:39 [,,] [ INFO] core.QuartzScheduler           Scheduler quartzScheduler_$_NON_CLUSTERED paused.
31 Dec 2014 14:59:39 [,,] [ INFO] core.QuartzScheduler           Scheduler quartzScheduler_$_NON_CLUSTERED shutdown complete.
